::1 - - [03/Nov/2023:16:24:01 +0300] "GET / HTTP/1.1" 200 617
::1 - - [03/Nov/2023:16:24:01 +0300] "GET /img/dirty-wall-with-graffiti.jpg HTTP/1.1" 200 46809167
::1 - - [03/Nov/2023:16:27:07 +0300] "GET / HTTP/1.1" 200 763
::1 - - [03/Nov/2023:16:27:07 +0300] "GET /img/dirty-wall-with-graffiti.jpg HTTP/1.1" 304 -
::1 - - [03/Nov/2023:16:27:17 +0300] "GET / HTTP/1.1" 200 774
::1 - - [03/Nov/2023:16:28:01 +0300] "GET / HTTP/1.1" 200 783
::1 - - [03/Nov/2023:16:28:37 +0300] "GET / HTTP/1.1" 200 737
::1 - - [03/Nov/2023:16:29:37 +0300] "-" 408 -
::1 - - [03/Nov/2023:19:04:11 +0300] "GET / HTTP/1.1" 200 737
::1 - - [03/Nov/2023:19:04:11 +0300] "GET /favicon.ico HTTP/1.1" 404 196
::1 - - [03/Nov/2023:19:04:32 +0300] "GET / HTTP/1.1" 200 737
::1 - - [03/Nov/2023:19:05:25 +0300] "GET / HTTP/1.1" 200 1402
::1 - - [03/Nov/2023:19:06:04 +0300] "GET / HTTP/1.1" 200 1380
::1 - - [03/Nov/2023:19:07:04 +0300] "-" 408 -
::1 - - [03/Nov/2023:19:07:05 +0300] "GET / HTTP/1.1" 200 1287
::1 - - [03/Nov/2023:19:07:11 +0300] "POST /index.php HTTP/1.1" 200 -
::1 - - [03/Nov/2023:19:08:11 +0300] "-" 408 -
::1 - - [03/Nov/2023:19:11:39 +0300] "GET / HTTP/1.1" 200 1322
::1 - - [03/Nov/2023:19:12:01 +0300] "GET / HTTP/1.1" 200 1349
::1 - - [03/Nov/2023:19:12:15 +0300] "GET / HTTP/1.1" 200 1376
::1 - - [03/Nov/2023:19:13:15 +0300] "-" 408 -
::1 - - [03/Nov/2023:19:13:28 +0300] "GET / HTTP/1.1" 200 1258
::1 - - [03/Nov/2023:19:14:02 +0300] "GET / HTTP/1.1" 200 1286
::1 - - [03/Nov/2023:19:15:02 +0300] "-" 408 -
::1 - - [03/Nov/2023:19:16:28 +0300] "GET / HTTP/1.1" 200 1296
::1 - - [03/Nov/2023:19:16:38 +0300] "GET / HTTP/1.1" 200 1272
::1 - - [03/Nov/2023:19:16:45 +0300] "GET / HTTP/1.1" 200 1286
::1 - - [03/Nov/2023:19:17:29 +0300] "GET / HTTP/1.1" 200 1359
::1 - - [03/Nov/2023:19:18:29 +0300] "-" 408 -
::1 - - [03/Nov/2023:19:43:14 +0300] "GET / HTTP/1.1" 304 -
::1 - - [03/Nov/2023:19:43:35 +0300] "GET / HTTP/1.1" 200 1362
::1 - - [03/Nov/2023:19:43:41 +0300] "GET / HTTP/1.1" 200 1365
::1 - - [03/Nov/2023:19:44:41 +0300] "-" 408 -
::1 - - [03/Nov/2023:19:51:25 +0300] "GET / HTTP/1.1" 200 1483
::1 - - [03/Nov/2023:19:51:25 +0300] "GET /img/vkat.png HTTP/1.1" 200 158274
::1 - - [03/Nov/2023:19:51:54 +0300] "GET / HTTP/1.1" 200 1422
::1 - - [03/Nov/2023:19:52:43 +0300] "GET / HTTP/1.1" 200 1505
::1 - - [03/Nov/2023:19:53:43 +0300] "-" 408 -
::1 - - [03/Nov/2023:19:54:14 +0300] "GET / HTTP/1.1" 200 1517
::1 - - [03/Nov/2023:19:54:41 +0300] "GET / HTTP/1.1" 200 1550
::1 - - [03/Nov/2023:19:55:16 +0300] "GET / HTTP/1.1" 200 1551
::1 - - [03/Nov/2023:19:55:23 +0300] "GET / HTTP/1.1" 200 1550
::1 - - [03/Nov/2023:19:55:55 +0300] "GET / HTTP/1.1" 200 1583
::1 - - [03/Nov/2023:19:55:58 +0300] "GET / HTTP/1.1" 304 -
::1 - - [03/Nov/2023:19:56:07 +0300] "GET / HTTP/1.1" 200 1583
::1 - - [03/Nov/2023:19:56:12 +0300] "GET / HTTP/1.1" 200 1583
::1 - - [03/Nov/2023:19:56:21 +0300] "GET / HTTP/1.1" 200 1583
::1 - - [03/Nov/2023:19:56:33 +0300] "GET / HTTP/1.1" 200 1583
::1 - - [03/Nov/2023:19:56:39 +0300] "GET / HTTP/1.1" 200 1583
::1 - - [03/Nov/2023:19:56:48 +0300] "GET / HTTP/1.1" 200 1583
::1 - - [03/Nov/2023:19:56:53 +0300] "GET / HTTP/1.1" 200 1583
::1 - - [03/Nov/2023:19:56:58 +0300] "GET / HTTP/1.1" 200 1583
::1 - - [03/Nov/2023:19:57:05 +0300] "GET / HTTP/1.1" 200 1583
::1 - - [03/Nov/2023:19:57:13 +0300] "GET / HTTP/1.1" 200 1583
::1 - - [03/Nov/2023:19:57:26 +0300] "GET / HTTP/1.1" 200 1583
::1 - - [03/Nov/2023:19:57:39 +0300] "GET / HTTP/1.1" 200 1597
::1 - - [03/Nov/2023:19:57:51 +0300] "GET / HTTP/1.1" 200 1597
::1 - - [03/Nov/2023:19:58:32 +0300] "GET / HTTP/1.1" 200 1624
::1 - - [03/Nov/2023:19:58:43 +0300] "GET / HTTP/1.1" 200 1624
::1 - - [03/Nov/2023:19:58:50 +0300] "GET / HTTP/1.1" 200 1621
::1 - - [03/Nov/2023:19:59:02 +0300] "GET / HTTP/1.1" 200 1621
::1 - - [03/Nov/2023:19:59:09 +0300] "GET / HTTP/1.1" 200 1621
::1 - - [03/Nov/2023:20:00:09 +0300] "-" 408 -
::1 - - [03/Nov/2023:20:00:15 +0300] "GET / HTTP/1.1" 200 1618
::1 - - [03/Nov/2023:20:00:22 +0300] "GET / HTTP/1.1" 200 1619
::1 - - [03/Nov/2023:20:00:30 +0300] "GET / HTTP/1.1" 200 1618
::1 - - [03/Nov/2023:20:00:34 +0300] "GET / HTTP/1.1" 200 1618
::1 - - [03/Nov/2023:20:00:40 +0300] "GET / HTTP/1.1" 200 1618
::1 - - [03/Nov/2023:20:00:45 +0300] "GET / HTTP/1.1" 200 1618
::1 - - [03/Nov/2023:20:00:49 +0300] "GET / HTTP/1.1" 200 1618
::1 - - [03/Nov/2023:20:00:55 +0300] "GET / HTTP/1.1" 200 1617
::1 - - [03/Nov/2023:20:01:01 +0300] "GET / HTTP/1.1" 200 1616
::1 - - [03/Nov/2023:20:01:07 +0300] "GET / HTTP/1.1" 200 1617
::1 - - [03/Nov/2023:20:01:11 +0300] "GET / HTTP/1.1" 200 1617
::1 - - [03/Nov/2023:20:01:16 +0300] "GET / HTTP/1.1" 200 1617
::1 - - [03/Nov/2023:20:01:20 +0300] "GET / HTTP/1.1" 200 1617
::1 - - [03/Nov/2023:20:01:24 +0300] "GET / HTTP/1.1" 200 1617
::1 - - [03/Nov/2023:20:01:42 +0300] "GET / HTTP/1.1" 200 1616
::1 - - [03/Nov/2023:20:01:54 +0300] "GET / HTTP/1.1" 200 1616
::1 - - [03/Nov/2023:20:01:57 +0300] "GET / HTTP/1.1" 200 1616
::1 - - [03/Nov/2023:20:02:04 +0300] "GET / HTTP/1.1" 200 1616
::1 - - [03/Nov/2023:20:03:02 +0300] "GET / HTTP/1.1" 200 1634
::1 - - [03/Nov/2023:20:03:29 +0300] "GET / HTTP/1.1" 200 1389
::1 - - [03/Nov/2023:20:03:59 +0300] "GET / HTTP/1.1" 200 1375
::1 - - [03/Nov/2023:20:04:07 +0300] "GET / HTTP/1.1" 200 1377
::1 - - [03/Nov/2023:20:04:18 +0300] "GET / HTTP/1.1" 200 1402
::1 - - [03/Nov/2023:20:04:29 +0300] "GET / HTTP/1.1" 200 1402
::1 - - [03/Nov/2023:20:04:34 +0300] "GET / HTTP/1.1" 200 1403
::1 - - [03/Nov/2023:20:04:43 +0300] "GET / HTTP/1.1" 200 1402
::1 - - [03/Nov/2023:20:04:56 +0300] "GET / HTTP/1.1" 200 1428
::1 - - [03/Nov/2023:20:04:57 +0300] "GET / HTTP/1.1" 304 -
::1 - - [03/Nov/2023:20:04:58 +0300] "GET / HTTP/1.1" 304 -
::1 - - [03/Nov/2023:20:05:03 +0300] "GET / HTTP/1.1" 200 1428
::1 - - [03/Nov/2023:20:05:04 +0300] "GET / HTTP/1.1" 304 -
::1 - - [03/Nov/2023:20:05:04 +0300] "GET / HTTP/1.1" 304 -
::1 - - [03/Nov/2023:20:05:32 +0300] "GET / HTTP/1.1" 200 1462
::1 - - [03/Nov/2023:20:05:40 +0300] "GET / HTTP/1.1" 200 1462
::1 - - [03/Nov/2023:20:05:46 +0300] "GET / HTTP/1.1" 200 1461
::1 - - [03/Nov/2023:20:05:59 +0300] "GET / HTTP/1.1" 200 1462
::1 - - [03/Nov/2023:20:06:03 +0300] "GET / HTTP/1.1" 200 1462
::1 - - [03/Nov/2023:20:06:14 +0300] "GET / HTTP/1.1" 200 1462
::1 - - [03/Nov/2023:20:07:14 +0300] "-" 408 -
::1 - - [03/Nov/2023:20:09:48 +0300] "GET / HTTP/1.1" 304 -
::1 - - [03/Nov/2023:20:10:48 +0300] "-" 408 -
